d:\дисциплины семестр 8\полищук параллельное программирование\задания\готовые задания\mpi\14\master\master\x64\release\vc143.pdb
d:\дисциплины семестр 8\полищук параллельное программирование\задания\готовые задания\mpi\14\master\master\x64\release\master.obj
d:\мое it резюме\github\для загрузки\cpp-projects\other labs\lab33\master\master\x64\release\vc143.pdb
d:\мое it резюме\github\для загрузки\cpp-projects\other labs\lab33\master\master\x64\release\master.obj
d:\дисциплины семестр 8\полищук параллельное программирование\задания\готовые задания\mpi\14\master\x64\release\master.exe
d:\дисциплины семестр 8\полищук параллельное программирование\задания\готовые задания\mpi\14\master\master\x64\release\master.ipdb
d:\дисциплины семестр 8\полищук параллельное программирование\задания\готовые задания\mpi\14\master\x64\release\master.pdb
d:\дисциплины семестр 8\полищук параллельное программирование\задания\готовые задания\mpi\14\master\master\x64\release\master.iobj
d:\мое it резюме\github\для загрузки\cpp-projects\other labs\lab33\master\x64\release\master.exe
d:\мое it резюме\github\для загрузки\cpp-projects\other labs\lab33\master\master\x64\release\master.ipdb
d:\мое it резюме\github\для загрузки\cpp-projects\other labs\lab33\master\x64\release\master.pdb
d:\мое it резюме\github\для загрузки\cpp-projects\other labs\lab33\master\master\x64\release\master.iobj
d:\мое it резюме\github\для загрузки\c-projects\mpi, openmp and other labs\lab27\master\master\x64\release\master.obj
d:\мое it резюме\github\для загрузки\c-projects\mpi, openmp and other labs\lab27\master\master\x64\release\master.ipdb
d:\мое it резюме\github\для загрузки\c-projects\mpi, openmp and other labs\lab27\master\master\x64\release\master.iobj
d:\мое it резюме\github\для загрузки\c-projects\mpi, openmp and other labs\lab27\master\master\x64\release\vc143.pdb
d:\мое it резюме\github\для загрузки\c-projects\mpi, openmp and other labs\lab27\master\x64\release\master.pdb
d:\мое it резюме\github\для загрузки\c-projects\mpi, openmp and other labs\lab27\master\master\x64\release\master.tlog\cl.command.1.tlog
d:\мое it резюме\github\для загрузки\c-projects\mpi, openmp and other labs\lab27\master\master\x64\release\master.tlog\cl.read.1.tlog
d:\мое it резюме\github\для загрузки\c-projects\mpi, openmp and other labs\lab27\master\master\x64\release\master.tlog\cl.write.1.tlog
d:\мое it резюме\github\для загрузки\c-projects\mpi, openmp and other labs\lab27\master\master\x64\release\master.tlog\link.command.1.tlog
d:\мое it резюме\github\для загрузки\c-projects\mpi, openmp and other labs\lab27\master\master\x64\release\master.tlog\link.read.1.tlog
d:\мое it резюме\github\для загрузки\c-projects\mpi, openmp and other labs\lab27\master\master\x64\release\master.tlog\link.write.1.tlog
