d:\дисциплины семестр 8\полищук параллельное программирование\задания\готовые задания\mpi\14\slave\slave\x64\release\vc143.pdb
d:\дисциплины семестр 8\полищук параллельное программирование\задания\готовые задания\mpi\14\slave\slave\x64\release\slave.obj
d:\мое it резюме\github\для загрузки\cpp-projects\other labs\lab33\slave\slave\x64\release\vc143.pdb
d:\мое it резюме\github\для загрузки\cpp-projects\other labs\lab33\slave\slave\x64\release\slave.obj
d:\дисциплины семестр 8\полищук параллельное программирование\задания\готовые задания\mpi\14\slave\x64\release\slave.exe
d:\дисциплины семестр 8\полищук параллельное программирование\задания\готовые задания\mpi\14\slave\slave\x64\release\slave.ipdb
d:\дисциплины семестр 8\полищук параллельное программирование\задания\готовые задания\mpi\14\slave\x64\release\slave.pdb
d:\дисциплины семестр 8\полищук параллельное программирование\задания\готовые задания\mpi\14\slave\slave\x64\release\slave.iobj
d:\мое it резюме\github\для загрузки\cpp-projects\other labs\lab33\slave\x64\release\slave.exe
d:\мое it резюме\github\для загрузки\cpp-projects\other labs\lab33\slave\slave\x64\release\slave.ipdb
d:\мое it резюме\github\для загрузки\cpp-projects\other labs\lab33\slave\x64\release\slave.pdb
d:\мое it резюме\github\для загрузки\cpp-projects\other labs\lab33\slave\slave\x64\release\slave.iobj
d:\мое it резюме\github\для загрузки\c-projects\mpi, openmp and other labs\lab27\slave\slave\x64\release\slave.obj
d:\мое it резюме\github\для загрузки\c-projects\mpi, openmp and other labs\lab27\slave\slave\x64\release\slave.ipdb
d:\мое it резюме\github\для загрузки\c-projects\mpi, openmp and other labs\lab27\slave\slave\x64\release\slave.iobj
d:\мое it резюме\github\для загрузки\c-projects\mpi, openmp and other labs\lab27\slave\slave\x64\release\vc143.pdb
d:\мое it резюме\github\для загрузки\c-projects\mpi, openmp and other labs\lab27\slave\x64\release\slave.pdb
d:\мое it резюме\github\для загрузки\c-projects\mpi, openmp and other labs\lab27\slave\slave\x64\release\slave.tlog\cl.command.1.tlog
d:\мое it резюме\github\для загрузки\c-projects\mpi, openmp and other labs\lab27\slave\slave\x64\release\slave.tlog\cl.read.1.tlog
d:\мое it резюме\github\для загрузки\c-projects\mpi, openmp and other labs\lab27\slave\slave\x64\release\slave.tlog\cl.write.1.tlog
d:\мое it резюме\github\для загрузки\c-projects\mpi, openmp and other labs\lab27\slave\slave\x64\release\slave.tlog\link.command.1.tlog
d:\мое it резюме\github\для загрузки\c-projects\mpi, openmp and other labs\lab27\slave\slave\x64\release\slave.tlog\link.read.1.tlog
d:\мое it резюме\github\для загрузки\c-projects\mpi, openmp and other labs\lab27\slave\slave\x64\release\slave.tlog\link.write.1.tlog
