d:\дисциплины семестр 8\полищук параллельное программирование\задания\готовые задания\mpi\7\consoleapplication1\consoleapplication1\x64\release\vc143.pdb
d:\дисциплины семестр 8\полищук параллельное программирование\задания\готовые задания\mpi\7\consoleapplication1\consoleapplication1\x64\release\consoleapplication1.obj
d:\дисциплины семестр 8\полищук параллельное программирование\задания\готовые задания\mpi\12\consoleapplication1 4 процесса\consoleapplication1\x64\release\vc143.pdb
d:\дисциплины семестр 8\полищук параллельное программирование\задания\готовые задания\mpi\12\consoleapplication1 4 процесса\consoleapplication1\x64\release\consoleapplication1.obj
d:\дисциплины семестр 8\полищук параллельное программирование\задания\готовые задания\mpi\7\consoleapplication1\x64\release\consoleapplication1.exe
d:\дисциплины семестр 8\полищук параллельное программирование\задания\готовые задания\mpi\7\consoleapplication1\consoleapplication1\x64\release\consoleapplication1.ipdb
d:\дисциплины семестр 8\полищук параллельное программирование\задания\готовые задания\mpi\7\consoleapplication1\x64\release\consoleapplication1.pdb
d:\дисциплины семестр 8\полищук параллельное программирование\задания\готовые задания\mpi\7\consoleapplication1\consoleapplication1\x64\release\consoleapplication1.iobj
d:\дисциплины семестр 8\полищук параллельное программирование\задания\готовые задания\mpi\12\consoleapplication1 4 процесса\x64\release\consoleapplication1.exe
d:\дисциплины семестр 8\полищук параллельное программирование\задания\готовые задания\mpi\12\consoleapplication1 4 процесса\consoleapplication1\x64\release\consoleapplication1.ipdb
d:\дисциплины семестр 8\полищук параллельное программирование\задания\готовые задания\mpi\12\consoleapplication1 4 процесса\x64\release\consoleapplication1.pdb
d:\дисциплины семестр 8\полищук параллельное программирование\задания\готовые задания\mpi\12\consoleapplication1 4 процесса\consoleapplication1\x64\release\consoleapplication1.iobj
d:\мое it резюме\github\для загрузки\c-projects\mpi, openmp and other labs\lab25\consoleapplication1 4 процесса\consoleapplication1\x64\release\consoleapplication1.obj
d:\мое it резюме\github\для загрузки\c-projects\mpi, openmp and other labs\lab25\consoleapplication1 4 процесса\consoleapplication1\x64\release\consoleapplication1.ipdb
d:\мое it резюме\github\для загрузки\c-projects\mpi, openmp and other labs\lab25\consoleapplication1 4 процесса\consoleapplication1\x64\release\consoleapplication1.iobj
d:\мое it резюме\github\для загрузки\c-projects\mpi, openmp and other labs\lab25\consoleapplication1 4 процесса\consoleapplication1\x64\release\vc143.pdb
d:\мое it резюме\github\для загрузки\c-projects\mpi, openmp and other labs\lab25\consoleapplication1 4 процесса\x64\release\consoleapplication1.pdb
d:\мое it резюме\github\для загрузки\c-projects\mpi, openmp and other labs\lab25\consoleapplication1 4 процесса\consoleapplication1\x64\release\consolea.72831640.tlog\cl.command.1.tlog
d:\мое it резюме\github\для загрузки\c-projects\mpi, openmp and other labs\lab25\consoleapplication1 4 процесса\consoleapplication1\x64\release\consolea.72831640.tlog\cl.read.1.tlog
d:\мое it резюме\github\для загрузки\c-projects\mpi, openmp and other labs\lab25\consoleapplication1 4 процесса\consoleapplication1\x64\release\consolea.72831640.tlog\cl.write.1.tlog
d:\мое it резюме\github\для загрузки\c-projects\mpi, openmp and other labs\lab25\consoleapplication1 4 процесса\consoleapplication1\x64\release\consolea.72831640.tlog\link.command.1.tlog
d:\мое it резюме\github\для загрузки\c-projects\mpi, openmp and other labs\lab25\consoleapplication1 4 процесса\consoleapplication1\x64\release\consolea.72831640.tlog\link.read.1.tlog
d:\мое it резюме\github\для загрузки\c-projects\mpi, openmp and other labs\lab25\consoleapplication1 4 процесса\consoleapplication1\x64\release\consolea.72831640.tlog\link.write.1.tlog
